20131030 17:05:00: /install.php?m=install&f=step1

20131030 17:05:01: /install.php?m=install&f=step2

20131030 17:05:08: /install.php?m=install&f=step3

20131030 17:05:32: /install.php?m=install&f=step4

20131030 17:05:39: /install.php?m=install&f=step4
  INSERT INTO eps_user SET `account` = 'azhi',`realname` = 'azhi',`password` = 'b4e2824d64eae27ae045eaef798b18ee',`admin` = 'super',`join` = '2013-10-30 17:05:39'
  REPLACE eps_config SET `owner` = 'system',`module` = 'common',`section` = 'global',`key` = 'version',`value` = '1.5'

20131030 17:05:39: /install.php?m=install&f=step5&admin=azhi

20131030 17:07:41: /admin.php
  SELECT * FROM eps_config WHERE owner IN ('system','azhi') ORDER BY id
  SELECT alias, id as category, type as module FROM eps_category WHERE alias  != '' AND type IN ('article','product')
  SELECT alias, id, 'page' as module FROM eps_article WHERE type  = 'page'

20131030 17:07:48: /
  SELECT * FROM eps_config WHERE owner IN ('system','guest') ORDER BY id
  SELECT alias, id as category, type as module FROM eps_category WHERE alias  != '' AND type IN ('article','product')
  SELECT alias, id, 'page' as module FROM eps_article WHERE type  = 'page'
  SELECT t1.*, t2.category FROM eps_product AS t1  LEFT JOIN eps_relation AS t2  ON t1.id = t2.id  WHERE 1 = 1  GROUP BY t2.id ORDER BY id desc
  SELECT SQL_CALC_FOUND_ROWS  t1.*, t2.category FROM eps_product AS t1  LEFT JOIN eps_relation AS t2  ON t1.id = t2.id  wHeRe 1 = 1  gRoUp bY t2.id 
  SELECT t1.*, t2.category FROM eps_product AS t1  LEFT JOIN eps_relation AS t2  ON t1.id = t2.id  WHERE 1 = 1  GROUP BY t2.id ORDER BY id desc
  SELECT * FROM eps_config WHERE owner  = 'system' AND module  = 'common' AND section  = 'slides' ORDER BY `key`
  SELECT t1.*, t2.category FROM eps_article AS t1  LEFT JOIN eps_relation AS t2  ON t1.id = t2.id  WHERE t1.type  = 'article' GROUP BY t2.id ORDER BY id desc
  SELECT SQL_CALC_FOUND_ROWS  t1.*, t2.category FROM eps_article AS t1  LEFT JOIN eps_relation AS t2  ON t1.id = t2.id  wHeRe t1.type  = 'article' gRoUp bY t2.id 
  SELECT t1.*, t2.category FROM eps_article AS t1  LEFT JOIN eps_relation AS t2  ON t1.id = t2.id  WHERE t1.type  = 'article' GROUP BY t2.id ORDER BY id desc
  SELECT t1.*, t2.category FROM eps_article AS t1  LEFT JOIN eps_relation AS t2  ON t1.id = t2.id  WHERE t1.type  = 'blog' GROUP BY t2.id ORDER BY id desc
  SELECT SQL_CALC_FOUND_ROWS  t1.*, t2.category FROM eps_article AS t1  LEFT JOIN eps_relation AS t2  ON t1.id = t2.id  wHeRe t1.type  = 'blog' gRoUp bY t2.id 
  SELECT t1.*, t2.category FROM eps_article AS t1  LEFT JOIN eps_relation AS t2  ON t1.id = t2.id  WHERE t1.type  = 'blog' GROUP BY t2.id ORDER BY id desc

